<?xml version="1.0" encoding="UTF-8"?>
<!-- Generated by org.testng.reporters.JUnitXMLReporter -->
<testsuite ignored="1" hostname="DESKTOP-BVH2PQN" failures="0" tests="2" name="Test" time="39.171" errors="0" timestamp="15 May 2025 17:06:30 GMT">
  <testcase classname="com.mystore.testcases.LoginPageTest" name="loginTest" time="8.208"/>
  <testcase classname="com.mystore.testcases.RegistrationPageTest" name="registerUser" time="9.755"/>
  <testcase classname="com.mystore.base.BaseClass" name="@BeforeTest loadConfig" time="0.0">
    <ignored/>
  </testcase> <!-- @BeforeTest loadConfig -->
</testsuite> <!-- Test -->
