<?xml version="1.0" encoding="UTF-8"?>
<testng-results ignored="1" total="3" passed="2" failed="0" skipped="0">
  <reporter-output>
  </reporter-output>
  <suite started-at="2025-05-15T17:05:51Z" name="MyStore Test Suite" finished-at="2025-05-15T17:06:30Z" duration-ms="39171">
    <groups>
    </groups>
    <test started-at="2025-05-15T17:05:51Z" name="Test" finished-at="2025-05-15T17:06:30Z" duration-ms="39171">
      <class name="com.mystore.testcases.RegistrationPageTest">
        <test-method is-config="true" signature="setUp()[pri:0, instance:com.mystore.testcases.RegistrationPageTest@2d29b4ee]" started-at="2025-05-15T22:36:14Z" name="setUp" finished-at="2025-05-15T22:36:20Z" duration-ms="6260" status="PASS">
          <reporter-output>
          </reporter-output>
        </test-method> <!-- setUp -->
        <test-method signature="registerUser()[pri:0, instance:com.mystore.testcases.RegistrationPageTest@2d29b4ee]" started-at="2025-05-15T22:36:20Z" name="registerUser" finished-at="2025-05-15T22:36:30Z" duration-ms="9755" status="PASS">
          <reporter-output>
          </reporter-output>
        </test-method> <!-- registerUser -->
        <test-method is-config="true" signature="tearDown()[pri:0, instance:com.mystore.testcases.RegistrationPageTest@2d29b4ee]" started-at="2025-05-15T22:36:30Z" name="tearDown" finished-at="2025-05-15T22:36:30Z" duration-ms="371" status="PASS">
          <reporter-output>
          </reporter-output>
        </test-method> <!-- tearDown -->
      </class> <!-- com.mystore.testcases.RegistrationPageTest -->
      <class name="com.mystore.testcases.LoginPageTest">
        <test-method is-config="true" signature="loadConfig()[pri:0, instance:com.mystore.testcases.LoginPageTest@49c90a9c]" started-at="2025-05-15T22:35:51Z" name="loadConfig" finished-at="2025-05-15T22:35:51Z" duration-ms="45" status="PASS">
          <reporter-output>
          </reporter-output>
        </test-method> <!-- loadConfig -->
        <test-method is-config="true" signature="setUp()[pri:0, instance:com.mystore.testcases.LoginPageTest@49c90a9c]" started-at="2025-05-15T22:35:51Z" name="setUp" finished-at="2025-05-15T22:36:05Z" duration-ms="13970" status="PASS">
          <reporter-output>
          </reporter-output>
        </test-method> <!-- setUp -->
        <test-method signature="loginTest()[pri:0, instance:com.mystore.testcases.LoginPageTest@49c90a9c]" started-at="2025-05-15T22:36:05Z" name="loginTest" finished-at="2025-05-15T22:36:13Z" duration-ms="8208" status="PASS">
          <reporter-output>
          </reporter-output>
        </test-method> <!-- loginTest -->
        <test-method is-config="true" signature="tearDown()[pri:0, instance:com.mystore.testcases.LoginPageTest@49c90a9c]" started-at="2025-05-15T22:36:13Z" name="tearDown" finished-at="2025-05-15T22:36:14Z" duration-ms="507" status="PASS">
          <reporter-output>
          </reporter-output>
        </test-method> <!-- tearDown -->
      </class> <!-- com.mystore.testcases.LoginPageTest -->
    </test> <!-- Test -->
  </suite> <!-- MyStore Test Suite -->
</testng-results>
